F:\Tools\Anaconda3\envs\Auto-Tuning-HLF\python.exe "F:/Tools/JetBrains/PyCharm 2021.1.3/plugins/python/helpers/pydev/pydevd.py" --multiprocess --qt-support=auto --client 127.0.0.1 --port 62568 --file F:/Project/PythonProject/Auto-Tuning-HLF/Model/prediction/test_bpnn_sampling.py
a:  -1.1827094108516893  b:  0.2877311009145503
a:  0.019916172284918786  b:  0.5443584808732329
a:  0.2763687771900084  b:  1.0014333127560435
a:  -68.4639296129997  b:  69.18839738252305
Best Fit Function Type: weiss
create n*:  688.25210267992
a:  168.57260251271612  b:  -21.10840613939983
Optimal parameters not found for curve_type: power
a:  56.538409644257385  b:  0.9995533384170572
a:  9313.385157438777  b:  -9301.704155576354
Best Fit Function Type: weiss
create n*:  nan
F:\Tools\Anaconda3\envs\Auto-Tuning-HLF\lib\site-packages\scipy\stats\_stats_py.py:4424: ConstantInputWarning: An input array is constant; the correlation coefficient is not defined.
  warnings.warn(stats.ConstantInputWarning(msg))
F:/Project/PythonProject/Auto-Tuning-HLF/Model/prediction/test_bpnn_sampling.py:37: RuntimeWarning: invalid value encountered in sqrt
  return np.sqrt((-R * np.abs(S) * b) / 2)
a:  0.1786855482022675  b:  -0.015388923757898552
a:  0.21190616879359073  b:  -0.14871282287452312
a:  0.11539373801967863  b:  0.9992732463488175
a:  2.472005260592783  b:  -2.390057979036052
Best Fit Function Type: exponential
modify n*:  nan
F:/Project/PythonProject/Auto-Tuning-HLF/Model/prediction/test_bpnn_sampling.py:35: RuntimeWarning: invalid value encountered in log
  return np.log(-(2 / (R * np.abs(S) * a * np.log(b))))
a:  -113.40057633040635  b:  25.914618383603052
a:  0.08495391312727288  b:  1.0307985100420474
a:  11.797351391519175  b:  1.0029484615101234
a:  -5018.876732055462  b:  5072.590907446605
Best Fit Function Type: power
modify n*:  nan
F:/Project/PythonProject/Auto-Tuning-HLF/Model/prediction/test_bpnn_sampling.py:33: RuntimeWarning: invalid value encountered in scalar power
  return (-2 / (R * np.abs(S) * a * b)) ** (1 / (b - 1))
a:  -0.5864159608920283  b:  0.13261755969336061
a:  0.0005204531493326249  b:  0.9957398726508988
a:  0.06961970883594659  b:  1.002508397647042
a:  -23.627132369151013  b:  23.887601208192635
Best Fit Function Type: power
open n*:  nan
F:/Project/PythonProject/Auto-Tuning-HLF/Model/prediction/test_bpnn_sampling.py:33: RuntimeWarning: invalid value encountered in scalar power
  return (-2 / (R * np.abs(S) * a * b)) ** (1 / (b - 1))
a:  -151.43199647001447  b:  31.575077743283625
a:  0.2425946257566954  b:  0.8278927301313274
a:  14.85957773001294  b:  1.0018657822389465
a:  -6893.027663824805  b:  6948.297186342934
Best Fit Function Type: weiss
open n*:  69206.07250952614
a:  -1.1872975042592318  b:  0.2721252665974092
a:  0.010969031042941635  b:  0.6082007657811261
a:  0.22119895488465102  b:  1.001416522031811
a:  -62.482363178618826  b:  63.08937528483377
Best Fit Function Type: weiss
query n*:  627.8513565533774
a:  155.2122062510442  b:  -20.492908712139407
a:  438.9324721876879  b:  -0.4306290284172406
a:  80.0185245209904  b:  0.9975733340080736
a:  3629.308930122501  b:  -3604.6146432099827
Best Fit Function Type: exponential
query n*:  nan
F:/Project/PythonProject/Auto-Tuning-HLF/Model/prediction/test_bpnn_sampling.py:35: RuntimeWarning: invalid value encountered in log
  return np.log(-(2 / (R * np.abs(S) * a * np.log(b))))
a:  0.8447501839773889  b:  -0.10636754078368549
a:  1.7359140884817443  b:  -0.3501199893959699
a:  0.40649630343086407  b:  0.9983308208586457
a:  17.40832476043088  b:  -17.235098158743106
Best Fit Function Type: exponential
transfer n*:  nan
F:/Project/PythonProject/Auto-Tuning-HLF/Model/prediction/test_bpnn_sampling.py:35: RuntimeWarning: invalid value encountered in log
  return np.log(-(2 / (R * np.abs(S) * a * np.log(b))))
a:  -5.809944703369454  b:  1.393148708449805
a:  0.20760036908432122  b:  0.4058534068509581
a:  1.7115657554143  b:  1.000596918215498
a:  -388.46929380894005  b:  392.1231008062846
Best Fit Function Type: weiss
transfer n*:  3902.919215874051

Process finished with exit code 0
